# JRE version: Java(TM) SE Runtime Environment (8.0_171-b11) (build 1.8.0_171-b11)
# Java VM: Java HotSpot(TM) 64-Bit Server VM (25.171-b11 mixed mode windows-amd64 compressed oops)
Heap:
 PSYoungGen      total 248832K, used 97847K [0x00000000d5f00000, 0x00000000ee780000, 0x0000000100000000)
  eden space 222720K, 43% used [0x00000000d5f00000,0x00000000dbe8ded0,0x00000000e3880000)
  from space 26112K, 0% used [0x00000000e3880000,0x00000000e3880000,0x00000000e5200000)
  to   space 38912K, 0% used [0x00000000ec180000,0x00000000ec180000,0x00000000ee780000)
 ParOldGen       total 56832K, used 52666K [0x0000000081c00000, 0x0000000085380000, 0x00000000d5f00000)
  object space 56832K, 92% used [0x0000000081c00000,0x0000000084f6eaa8,0x0000000085380000)
 Metaspace       used 38946K, capacity 39756K, committed 40064K, reserved 1085440K
  class space    used 4662K, capacity 4892K, committed 4992K, reserved 1048576K
GC Heap History (10 events):
Event: 4.613 GC heap before
{Heap before GC invocations=8 (full 1):
 PSYoungGen      total 143872K, used 133120K [0x00000000d5f00000, 0x00000000df600000, 0x0000000100000000)
  eden space 133120K, 100% used [0x00000000d5f00000,0x00000000de100000,0x00000000de100000)
  from space 10752K, 0% used [0x00000000deb80000,0x00000000deb80000,0x00000000df600000)
  to   space 10752K, 0% used [0x00000000de100000,0x00000000de100000,0x00000000deb80000)
 ParOldGen       total 56832K, used 10739K [0x0000000081c00000, 0x0000000085380000, 0x00000000d5f00000)
  object space 56832K, 18% used [0x0000000081c00000,0x000000008267cce8,0x0000000085380000)
 Metaspace       used 28464K, capacity 29120K, committed 29312K, reserved 1075200K
  class space    used 3410K, capacity 3591K, committed 3712K, reserved 1048576K
Event: 4.630 GC heap after
Heap after GC invocations=8 (full 1):
 PSYoungGen      total 143872K, used 10748K [0x00000000d5f00000, 0x00000000e6400000, 0x0000000100000000)
  eden space 133120K, 0% used [0x00000000d5f00000,0x00000000d5f00000,0x00000000de100000)
  from space 10752K, 99% used [0x00000000de100000,0x00000000deb7f2f0,0x00000000deb80000)
  to   space 18432K, 0% used [0x00000000e5200000,0x00000000e5200000,0x00000000e6400000)
 ParOldGen       total 56832K, used 23037K [0x0000000081c00000, 0x0000000085380000, 0x00000000d5f00000)
  object space 56832K, 40% used [0x0000000081c00000,0x000000008327f5f0,0x0000000085380000)
 Metaspace       used 28464K, capacity 29120K, committed 29312K, reserved 1075200K
  class space    used 3410K, capacity 3591K, committed 3712K, reserved 1048576K
}
Event: 5.072 GC heap before
{Heap before GC invocations=9 (full 1):
 PSYoungGen      total 143872K, used 143868K [0x00000000d5f00000, 0x00000000e6400000, 0x0000000100000000)
  eden space 133120K, 100% used [0x00000000d5f00000,0x00000000de100000,0x00000000de100000)
  from space 10752K, 99% used [0x00000000de100000,0x00000000deb7f2f0,0x00000000deb80000)
  to   space 18432K, 0% used [0x00000000e5200000,0x00000000e5200000,0x00000000e6400000)
 ParOldGen       total 56832K, used 23037K [0x0000000081c00000, 0x0000000085380000, 0x00000000d5f00000)
  object space 56832K, 40% used [0x0000000081c00000,0x000000008327f5f0,0x0000000085380000)
 Metaspace       used 28514K, capacity 29188K, committed 29568K, reserved 1075200K
  class space    used 3412K, capacity 3591K, committed 3712K, reserved 1048576K
Event: 5.092 GC heap after
Heap after GC invocations=9 (full 1):
 PSYoungGen      total 241152K, used 18405K [0x00000000d5f00000, 0x00000000e7300000, 0x0000000100000000)
  eden space 222720K, 0% used [0x00000000d5f00000,0x00000000d5f00000,0x00000000e3880000)
  from space 18432K, 99% used [0x00000000e5200000,0x00000000e63f94f8,0x00000000e6400000)
  to   space 26112K, 0% used [0x00000000e3880000,0x00000000e3880000,0x00000000e5200000)
 ParOldGen       total 56832K, used 34247K [0x0000000081c00000, 0x0000000085380000, 0x00000000d5f00000)
  object space 56832K, 60% used [0x0000000081c00000,0x0000000083d71f08,0x0000000085380000)
 Metaspace       used 28514K, capacity 29188K, committed 29568K, reserved 1075200K
  class space    used 3412K, capacity 3591K, committed 3712K, reserved 1048576K
}
Event: 5.790 GC heap before
{Heap before GC invocations=10 (full 1):
 PSYoungGen      total 241152K, used 241125K [0x00000000d5f00000, 0x00000000e7300000, 0x0000000100000000)
  eden space 222720K, 100% used [0x00000000d5f00000,0x00000000e3880000,0x00000000e3880000)
  from space 18432K, 99% used [0x00000000e5200000,0x00000000e63f94f8,0x00000000e6400000)
  to   space 26112K, 0% used [0x00000000e3880000,0x00000000e3880000,0x00000000e5200000)
 ParOldGen       total 56832K, used 34247K [0x0000000081c00000, 0x0000000085380000, 0x00000000d5f00000)
  object space 56832K, 60% used [0x0000000081c00000,0x0000000083d71f08,0x0000000085380000)
 Metaspace       used 28525K, capacity 29188K, committed 29568K, reserved 1075200K
  class space    used 3414K, capacity 3591K, committed 3712K, reserved 1048576K
Event: 5.846 GC heap after
Heap after GC invocations=10 (full 1):
 PSYoungGen      total 248832K, used 26082K [0x00000000d5f00000, 0x00000000ee780000, 0x0000000100000000)
  eden space 222720K, 0% used [0x00000000d5f00000,0x00000000d5f00000,0x00000000e3880000)
  from space 26112K, 99% used [0x00000000e3880000,0x00000000e51f88b8,0x00000000e5200000)
  to   space 38912K, 0% used [0x00000000ec180000,0x00000000ec180000,0x00000000ee780000)
 ParOldGen       total 56832K, used 55094K [0x0000000081c00000, 0x0000000085380000, 0x00000000d5f00000)
  object space 56832K, 96% used [0x0000000081c00000,0x00000000851cdb68,0x0000000085380000)
 Metaspace       used 28525K, capacity 29188K, committed 29568K, reserved 1075200K
  class space    used 3414K, capacity 3591K, committed 3712K, reserved 1048576K
}
Event: 5.847 GC heap before
{Heap before GC invocations=11 (full 2):
 PSYoungGen      total 248832K, used 26082K [0x00000000d5f00000, 0x00000000ee780000, 0x0000000100000000)
  eden space 222720K, 0% used [0x00000000d5f00000,0x00000000d5f00000,0x00000000e3880000)
  from space 26112K, 99% used [0x00000000e3880000,0x00000000e51f88b8,0x00000000e5200000)
  to   space 38912K, 0% used [0x00000000ec180000,0x00000000ec180000,0x00000000ee780000)
 ParOldGen       total 56832K, used 55094K [0x0000000081c00000, 0x0000000085380000, 0x00000000d5f00000)
  object space 56832K, 96% used [0x0000000081c00000,0x00000000851cdb68,0x0000000085380000)
 Metaspace       used 28525K, capacity 29188K, committed 29568K, reserved 1075200K
  class space    used 3414K, capacity 3591K, committed 3712K, reserved 1048576K
Event: 6.083 GC heap after
Heap after GC invocations=11 (full 2):
 PSYoungGen      total 248832K, used 7262K [0x00000000d5f00000, 0x00000000ee780000, 0x0000000100000000)
  eden space 222720K, 0% used [0x00000000d5f00000,0x00000000d5f00000,0x00000000e3880000)
  from space 26112K, 27% used [0x00000000e3880000,0x00000000e3f979a8,0x00000000e5200000)
  to   space 38912K, 0% used [0x00000000ec180000,0x00000000ec180000,0x00000000ee780000)
 ParOldGen       total 56832K, used 56598K [0x0000000081c00000, 0x0000000085380000, 0x00000000d5f00000)
  object space 56832K, 99% used [0x0000000081c00000,0x0000000085345a80,0x0000000085380000)
 Metaspace       used 28525K, capacity 29188K, committed 29568K, reserved 1075200K
  class space    used 3414K, capacity 3591K, committed 3712K, reserved 1048576K
}
Event: 6.734 GC heap before
{Heap before GC invocations=12 (full 3):
 PSYoungGen      total 248832K, used 229982K [0x00000000d5f00000, 0x00000000ee780000, 0x0000000100000000)
  eden space 222720K, 100% used [0x00000000d5f00000,0x00000000e3880000,0x00000000e3880000)
  from space 26112K, 27% used [0x00000000e3880000,0x00000000e3f979a8,0x00000000e5200000)
  to   space 38912K, 0% used [0x00000000ec180000,0x00000000ec180000,0x00000000ee780000)
 ParOldGen       total 56832K, used 56598K [0x0000000081c00000, 0x0000000085380000, 0x00000000d5f00000)
  object space 56832K, 99% used [0x0000000081c00000,0x0000000085345a80,0x0000000085380000)
 Metaspace       used 29118K, capacity 29842K, committed 30080K, reserved 1075200K
  class space    used 3484K, capacity 3661K, committed 3712K, reserved 1048576K
Event: 6.961 GC heap after
Heap after GC invocations=12 (full 3):
 PSYoungGen      total 248832K, used 0K [0x00000000d5f00000, 0x00000000ee780000, 0x0000000100000000)
  eden space 222720K, 0% used [0x00000000d5f00000,0x00000000d5f00000,0x00000000e3880000)
  from space 26112K, 0% used [0x00000000e3880000,0x00000000e3880000,0x00000000e5200000)
  to   space 38912K, 0% used [0x00000000ec180000,0x00000000ec180000,0x00000000ee780000)
 ParOldGen       total 56832K, used 52666K [0x0000000081c00000, 0x0000000085380000, 0x00000000d5f00000)
  object space 56832K, 92% used [0x0000000081c00000,0x0000000084f6eaa8,0x0000000085380000)
 Metaspace       used 29118K, capacity 29842K, committed 30080K, reserved 1075200K
  class space    used 3484K, capacity 3661K, committed 3712K, reserved 1048576K
}

